{"C:\\Users\\Alexandros\\source\\courses\\full-stack-open-2023\\part5\\bloglist-frontend\\src\\App.jsx": {"path":"C:\\Users\\Alexandros\\source\\courses\\full-stack-open-2023\\part5\\bloglist-frontend\\src\\App.jsx","statementMap":{"0":{"start":{"line":10,"column":12},"end":{"line":103,"column":1}},"1":{"start":{"line":11,"column":32},"end":{"line":11,"column":67}},"2":{"start":{"line":12,"column":28},"end":{"line":12,"column":40}},"3":{"start":{"line":13,"column":34},"end":{"line":13,"column":46}},"4":{"start":{"line":14,"column":34},"end":{"line":14,"column":46}},"5":{"start":{"line":15,"column":26},"end":{"line":15,"column":40}},"6":{"start":{"line":16,"column":22},"end":{"line":16,"column":30}},"7":{"start":{"line":18,"column":60},"end":{"line":18,"column":75}},"8":{"start":{"line":20,"column":2},"end":{"line":22,"column":9}},"9":{"start":{"line":21,"column":4},"end":{"line":21,"column":58}},"10":{"start":{"line":21,"column":41},"end":{"line":21,"column":56}},"11":{"start":{"line":24,"column":2},"end":{"line":31,"column":9}},"12":{"start":{"line":25,"column":21},"end":{"line":25,"column":49}},"13":{"start":{"line":26,"column":4},"end":{"line":30,"column":5}},"14":{"start":{"line":27,"column":19},"end":{"line":27,"column":39}},"15":{"start":{"line":28,"column":6},"end":{"line":28,"column":20}},"16":{"start":{"line":29,"column":6},"end":{"line":29,"column":38}},"17":{"start":{"line":33,"column":22},"end":{"line":53,"column":3}},"18":{"start":{"line":34,"column":4},"end":{"line":34,"column":27}},"19":{"start":{"line":36,"column":4},"end":{"line":52,"column":5}},"20":{"start":{"line":37,"column":19},"end":{"line":40,"column":8}},"21":{"start":{"line":41,"column":6},"end":{"line":41,"column":20}},"22":{"start":{"line":42,"column":6},"end":{"line":42,"column":38}},"23":{"start":{"line":43,"column":6},"end":{"line":43,"column":22}},"24":{"start":{"line":44,"column":6},"end":{"line":44,"column":22}},"25":{"start":{"line":45,"column":6},"end":{"line":45,"column":57}},"26":{"start":{"line":47,"column":6},"end":{"line":47,"column":29}},"27":{"start":{"line":48,"column":6},"end":{"line":48,"column":67}},"28":{"start":{"line":49,"column":6},"end":{"line":51,"column":15}},"29":{"start":{"line":50,"column":8},"end":{"line":50,"column":25}},"30":{"start":{"line":55,"column":23},"end":{"line":59,"column":3}},"31":{"start":{"line":56,"column":4},"end":{"line":56,"column":18}},"32":{"start":{"line":57,"column":4},"end":{"line":57,"column":30}},"33":{"start":{"line":58,"column":4},"end":{"line":58,"column":36}},"34":{"start":{"line":61,"column":21},"end":{"line":70,"column":3}},"35":{"start":{"line":62,"column":4},"end":{"line":62,"column":42}},"36":{"start":{"line":63,"column":21},"end":{"line":63,"column":54}},"37":{"start":{"line":64,"column":4},"end":{"line":64,"column":24}},"38":{"start":{"line":65,"column":4},"end":{"line":65,"column":43}},"39":{"start":{"line":65,"column":21},"end":{"line":65,"column":42}},"40":{"start":{"line":66,"column":4},"end":{"line":66,"column":97}},"41":{"start":{"line":67,"column":4},"end":{"line":69,"column":13}},"42":{"start":{"line":68,"column":6},"end":{"line":68,"column":23}},"43":{"start":{"line":72,"column":2},"end":{"line":102,"column":4}},"44":{"start":{"line":96,"column":32},"end":{"line":96,"column":56}},"45":{"start":{"line":97,"column":12},"end":{"line":97,"column":92}}},"fnMap":{"0":{"name":"(anonymous_0)","decl":{"start":{"line":10,"column":12},"end":{"line":10,"column":13}},"loc":{"start":{"line":10,"column":18},"end":{"line":103,"column":1}},"line":10},"1":{"name":"(anonymous_1)","decl":{"start":{"line":20,"column":12},"end":{"line":20,"column":13}},"loc":{"start":{"line":20,"column":18},"end":{"line":22,"column":3}},"line":20},"2":{"name":"(anonymous_2)","decl":{"start":{"line":21,"column":30},"end":{"line":21,"column":31}},"loc":{"start":{"line":21,"column":41},"end":{"line":21,"column":56}},"line":21},"3":{"name":"(anonymous_3)","decl":{"start":{"line":24,"column":12},"end":{"line":24,"column":13}},"loc":{"start":{"line":24,"column":18},"end":{"line":31,"column":3}},"line":24},"4":{"name":"(anonymous_4)","decl":{"start":{"line":33,"column":22},"end":{"line":33,"column":23}},"loc":{"start":{"line":33,"column":39},"end":{"line":53,"column":3}},"line":33},"5":{"name":"(anonymous_5)","decl":{"start":{"line":49,"column":17},"end":{"line":49,"column":18}},"loc":{"start":{"line":49,"column":23},"end":{"line":51,"column":7}},"line":49},"6":{"name":"(anonymous_6)","decl":{"start":{"line":55,"column":23},"end":{"line":55,"column":24}},"loc":{"start":{"line":55,"column":29},"end":{"line":59,"column":3}},"line":55},"7":{"name":"(anonymous_7)","decl":{"start":{"line":61,"column":21},"end":{"line":61,"column":22}},"loc":{"start":{"line":61,"column":40},"end":{"line":70,"column":3}},"line":61},"8":{"name":"(anonymous_8)","decl":{"start":{"line":65,"column":13},"end":{"line":65,"column":14}},"loc":{"start":{"line":65,"column":21},"end":{"line":65,"column":42}},"line":65},"9":{"name":"(anonymous_9)","decl":{"start":{"line":67,"column":15},"end":{"line":67,"column":16}},"loc":{"start":{"line":67,"column":21},"end":{"line":69,"column":5}},"line":67},"10":{"name":"(anonymous_10)","decl":{"start":{"line":96,"column":22},"end":{"line":96,"column":23}},"loc":{"start":{"line":96,"column":31},"end":{"line":96,"column":57}},"line":96},"11":{"name":"(anonymous_11)","decl":{"start":{"line":96,"column":63},"end":{"line":96,"column":64}},"loc":{"start":{"line":97,"column":12},"end":{"line":97,"column":92}},"line":97}},"branchMap":{"0":{"loc":{"start":{"line":26,"column":4},"end":{"line":30,"column":5}},"type":"if","locations":[{"start":{"line":26,"column":4},"end":{"line":30,"column":5}},{"start":{},"end":{}}],"line":26},"1":{"loc":{"start":{"line":75,"column":7},"end":{"line":100,"column":7}},"type":"cond-expr","locations":[{"start":{"line":76,"column":8},"end":{"line":84,"column":20}},{"start":{"line":86,"column":8},"end":{"line":99,"column":14}}],"line":75}},"s":{"0":0,"1":0,"2":0,"3":0,"4":0,"5":0,"6":0,"7":0,"8":0,"9":0,"10":0,"11":0,"12":0,"13":0,"14":0,"15":0,"16":0,"17":0,"18":0,"19":0,"20":0,"21":0,"22":0,"23":0,"24":0,"25":0,"26":0,"27":0,"28":0,"29":0,"30":0,"31":0,"32":0,"33":0,"34":0,"35":0,"36":0,"37":0,"38":0,"39":0,"40":0,"41":0,"42":0,"43":0,"44":0,"45":0},"f":{"0":0,"1":0,"2":0,"3":0,"4":0,"5":0,"6":0,"7":0,"8":0,"9":0,"10":0,"11":0},"b":{"0":[0,0],"1":[0,0]}}
,"C:\\Users\\Alexandros\\source\\courses\\full-stack-open-2023\\part5\\bloglist-frontend\\src\\main.jsx": {"path":"C:\\Users\\Alexandros\\source\\courses\\full-stack-open-2023\\part5\\bloglist-frontend\\src\\main.jsx","statementMap":{"0":{"start":{"line":5,"column":0},"end":{"line":5,"column":68}}},"fnMap":{},"branchMap":{},"s":{"0":0},"f":{},"b":{}}
,"C:\\Users\\Alexandros\\source\\courses\\full-stack-open-2023\\part5\\bloglist-frontend\\src\\components\\Blog.jsx": {"path":"C:\\Users\\Alexandros\\source\\courses\\full-stack-open-2023\\part5\\bloglist-frontend\\src\\components\\Blog.jsx","statementMap":{"0":{"start":{"line":4,"column":13},"end":{"line":54,"column":1}},"1":{"start":{"line":5,"column":40},"end":{"line":5,"column":55}},"2":{"start":{"line":7,"column":20},"end":{"line":13,"column":3}},"3":{"start":{"line":15,"column":28},"end":{"line":24,"column":3}},"4":{"start":{"line":16,"column":20},"end":{"line":16,"column":88}},"5":{"start":{"line":17,"column":4},"end":{"line":17,"column":46}},"6":{"start":{"line":18,"column":4},"end":{"line":23,"column":6}},"7":{"start":{"line":19,"column":6},"end":{"line":19,"column":64}},"8":{"start":{"line":20,"column":6},"end":{"line":22,"column":7}},"9":{"start":{"line":26,"column":30},"end":{"line":36,"column":3}},"10":{"start":{"line":27,"column":25},"end":{"line":27,"column":80}},"11":{"start":{"line":28,"column":4},"end":{"line":35,"column":5}},"12":{"start":{"line":29,"column":6},"end":{"line":34,"column":7}},"13":{"start":{"line":30,"column":8},"end":{"line":30,"column":41}},"14":{"start":{"line":31,"column":8},"end":{"line":31,"column":54}},"15":{"start":{"line":31,"column":25},"end":{"line":31,"column":53}},"16":{"start":{"line":31,"column":42},"end":{"line":31,"column":52}},"17":{"start":{"line":33,"column":8},"end":{"line":33,"column":27}},"18":{"start":{"line":38,"column":2},"end":{"line":53,"column":3}},"19":{"start":{"line":41,"column":29},"end":{"line":41,"column":57}}},"fnMap":{"0":{"name":"(anonymous_0)","decl":{"start":{"line":4,"column":13},"end":{"line":4,"column":14}},"loc":{"start":{"line":4,"column":47},"end":{"line":54,"column":1}},"line":4},"1":{"name":"(anonymous_1)","decl":{"start":{"line":15,"column":28},"end":{"line":15,"column":29}},"loc":{"start":{"line":15,"column":40},"end":{"line":24,"column":3}},"line":15},"2":{"name":"(anonymous_2)","decl":{"start":{"line":18,"column":13},"end":{"line":18,"column":14}},"loc":{"start":{"line":18,"column":21},"end":{"line":23,"column":5}},"line":18},"3":{"name":"(anonymous_3)","decl":{"start":{"line":26,"column":30},"end":{"line":26,"column":31}},"loc":{"start":{"line":26,"column":42},"end":{"line":36,"column":3}},"line":26},"4":{"name":"(anonymous_4)","decl":{"start":{"line":31,"column":17},"end":{"line":31,"column":18}},"loc":{"start":{"line":31,"column":25},"end":{"line":31,"column":53}},"line":31},"5":{"name":"(anonymous_5)","decl":{"start":{"line":31,"column":37},"end":{"line":31,"column":38}},"loc":{"start":{"line":31,"column":42},"end":{"line":31,"column":52}},"line":31},"6":{"name":"(anonymous_6)","decl":{"start":{"line":41,"column":23},"end":{"line":41,"column":24}},"loc":{"start":{"line":41,"column":29},"end":{"line":41,"column":57}},"line":41}},"branchMap":{"0":{"loc":{"start":{"line":28,"column":4},"end":{"line":35,"column":5}},"type":"if","locations":[{"start":{"line":28,"column":4},"end":{"line":35,"column":5}},{"start":{},"end":{}}],"line":28},"1":{"loc":{"start":{"line":41,"column":60},"end":{"line":41,"column":89}},"type":"cond-expr","locations":[{"start":{"line":41,"column":74},"end":{"line":41,"column":80}},{"start":{"line":41,"column":83},"end":{"line":41,"column":89}}],"line":41},"2":{"loc":{"start":{"line":43,"column":28},"end":{"line":43,"column":53}},"type":"cond-expr","locations":[{"start":{"line":43,"column":42},"end":{"line":43,"column":44}},{"start":{"line":43,"column":47},"end":{"line":43,"column":53}}],"line":43},"3":{"loc":{"start":{"line":47,"column":10},"end":{"line":48,"column":63}},"type":"binary-expr","locations":[{"start":{"line":47,"column":10},"end":{"line":47,"column":42}},{"start":{"line":48,"column":10},"end":{"line":48,"column":63}}],"line":47}},"s":{"0":1,"1":1,"2":1,"3":1,"4":0,"5":0,"6":0,"7":0,"8":0,"9":1,"10":0,"11":0,"12":0,"13":0,"14":0,"15":0,"16":0,"17":0,"18":1,"19":0},"f":{"0":1,"1":0,"2":0,"3":0,"4":0,"5":0,"6":0},"b":{"0":[0,0],"1":[0,1],"2":[0,1],"3":[1,1]},"_coverageSchema":"1a1c01bbd47fc00a2c39e90264f33305004495a9","hash":"034e7c3da1471ecfd35bbb702a1354bfe6024309"}
,"C:\\Users\\Alexandros\\source\\courses\\full-stack-open-2023\\part5\\bloglist-frontend\\src\\components\\BlogForm.jsx": {"path":"C:\\Users\\Alexandros\\source\\courses\\full-stack-open-2023\\part5\\bloglist-frontend\\src\\components\\BlogForm.jsx","statementMap":{"0":{"start":{"line":3,"column":17},"end":{"line":74,"column":1}},"1":{"start":{"line":4,"column":34},"end":{"line":8,"column":8}},"2":{"start":{"line":10,"column":20},"end":{"line":18,"column":5}},"3":{"start":{"line":11,"column":8},"end":{"line":11,"column":31}},"4":{"start":{"line":12,"column":8},"end":{"line":12,"column":27}},"5":{"start":{"line":13,"column":8},"end":{"line":17,"column":12}},"6":{"start":{"line":20,"column":2},"end":{"line":73,"column":4}},"7":{"start":{"line":30,"column":12},"end":{"line":35,"column":14}},"8":{"start":{"line":31,"column":14},"end":{"line":34,"column":16}},"9":{"start":{"line":46,"column":12},"end":{"line":51,"column":14}},"10":{"start":{"line":47,"column":14},"end":{"line":50,"column":16}},"11":{"start":{"line":62,"column":12},"end":{"line":67,"column":14}},"12":{"start":{"line":63,"column":14},"end":{"line":66,"column":16}}},"fnMap":{"0":{"name":"(anonymous_0)","decl":{"start":{"line":3,"column":17},"end":{"line":3,"column":18}},"loc":{"start":{"line":3,"column":37},"end":{"line":74,"column":1}},"line":3},"1":{"name":"(anonymous_1)","decl":{"start":{"line":10,"column":20},"end":{"line":10,"column":21}},"loc":{"start":{"line":10,"column":31},"end":{"line":18,"column":5}},"line":10},"2":{"name":"(anonymous_2)","decl":{"start":{"line":29,"column":20},"end":{"line":29,"column":21}},"loc":{"start":{"line":30,"column":12},"end":{"line":35,"column":14}},"line":30},"3":{"name":"(anonymous_3)","decl":{"start":{"line":30,"column":23},"end":{"line":30,"column":24}},"loc":{"start":{"line":30,"column":33},"end":{"line":35,"column":13}},"line":30},"4":{"name":"(anonymous_4)","decl":{"start":{"line":45,"column":20},"end":{"line":45,"column":21}},"loc":{"start":{"line":46,"column":12},"end":{"line":51,"column":14}},"line":46},"5":{"name":"(anonymous_5)","decl":{"start":{"line":46,"column":23},"end":{"line":46,"column":24}},"loc":{"start":{"line":46,"column":33},"end":{"line":51,"column":13}},"line":46},"6":{"name":"(anonymous_6)","decl":{"start":{"line":61,"column":20},"end":{"line":61,"column":21}},"loc":{"start":{"line":62,"column":12},"end":{"line":67,"column":14}},"line":62},"7":{"name":"(anonymous_7)","decl":{"start":{"line":62,"column":23},"end":{"line":62,"column":24}},"loc":{"start":{"line":62,"column":33},"end":{"line":67,"column":13}},"line":62}},"branchMap":{},"s":{"0":0,"1":0,"2":0,"3":0,"4":0,"5":0,"6":0,"7":0,"8":0,"9":0,"10":0,"11":0,"12":0},"f":{"0":0,"1":0,"2":0,"3":0,"4":0,"5":0,"6":0,"7":0},"b":{}}
,"C:\\Users\\Alexandros\\source\\courses\\full-stack-open-2023\\part5\\bloglist-frontend\\src\\components\\LoginForm.jsx": {"path":"C:\\Users\\Alexandros\\source\\courses\\full-stack-open-2023\\part5\\bloglist-frontend\\src\\components\\LoginForm.jsx","statementMap":{"0":{"start":{"line":1,"column":18},"end":{"line":26,"column":1}},"1":{"start":{"line":2,"column":2},"end":{"line":25,"column":4}},"2":{"start":{"line":11,"column":36},"end":{"line":11,"column":61}},"3":{"start":{"line":20,"column":36},"end":{"line":20,"column":61}}},"fnMap":{"0":{"name":"(anonymous_0)","decl":{"start":{"line":1,"column":18},"end":{"line":1,"column":19}},"loc":{"start":{"line":1,"column":85},"end":{"line":26,"column":1}},"line":1},"1":{"name":"(anonymous_1)","decl":{"start":{"line":11,"column":20},"end":{"line":11,"column":21}},"loc":{"start":{"line":11,"column":36},"end":{"line":11,"column":61}},"line":11},"2":{"name":"(anonymous_2)","decl":{"start":{"line":20,"column":20},"end":{"line":20,"column":21}},"loc":{"start":{"line":20,"column":36},"end":{"line":20,"column":61}},"line":20}},"branchMap":{},"s":{"0":0,"1":0,"2":0,"3":0},"f":{"0":0,"1":0,"2":0},"b":{}}
,"C:\\Users\\Alexandros\\source\\courses\\full-stack-open-2023\\part5\\bloglist-frontend\\src\\components\\Notification.jsx": {"path":"C:\\Users\\Alexandros\\source\\courses\\full-stack-open-2023\\part5\\bloglist-frontend\\src\\components\\Notification.jsx","statementMap":{"0":{"start":{"line":1,"column":21},"end":{"line":12,"column":1}},"1":{"start":{"line":3,"column":2},"end":{"line":11,"column":4}}},"fnMap":{"0":{"name":"(anonymous_0)","decl":{"start":{"line":1,"column":21},"end":{"line":1,"column":22}},"loc":{"start":{"line":1,"column":38},"end":{"line":12,"column":1}},"line":1}},"branchMap":{"0":{"loc":{"start":{"line":5,"column":7},"end":{"line":9,"column":7}},"type":"binary-expr","locations":[{"start":{"line":5,"column":7},"end":{"line":5,"column":20}},{"start":{"line":6,"column":8},"end":{"line":8,"column":14}}],"line":5},"1":{"loc":{"start":{"line":6,"column":40},"end":{"line":6,"column":65}},"type":"binary-expr","locations":[{"start":{"line":6,"column":40},"end":{"line":6,"column":54}},{"start":{"line":6,"column":58},"end":{"line":6,"column":65}}],"line":6}},"s":{"0":0,"1":0},"f":{"0":0},"b":{"0":[0,0],"1":[0,0]}}
,"C:\\Users\\Alexandros\\source\\courses\\full-stack-open-2023\\part5\\bloglist-frontend\\src\\components\\Togglable.jsx": {"path":"C:\\Users\\Alexandros\\source\\courses\\full-stack-open-2023\\part5\\bloglist-frontend\\src\\components\\Togglable.jsx","statementMap":{"0":{"start":{"line":3,"column":18},"end":{"line":29,"column":2}},"1":{"start":{"line":4,"column":34},"end":{"line":4,"column":49}},"2":{"start":{"line":6,"column":28},"end":{"line":6,"column":60}},"3":{"start":{"line":7,"column":28},"end":{"line":7,"column":60}},"4":{"start":{"line":9,"column":29},"end":{"line":11,"column":5}},"5":{"start":{"line":10,"column":8},"end":{"line":10,"column":28}},"6":{"start":{"line":13,"column":4},"end":{"line":17,"column":6}},"7":{"start":{"line":14,"column":8},"end":{"line":16,"column":9}},"8":{"start":{"line":18,"column":4},"end":{"line":28,"column":5}}},"fnMap":{"0":{"name":"(anonymous_0)","decl":{"start":{"line":3,"column":29},"end":{"line":3,"column":30}},"loc":{"start":{"line":3,"column":46},"end":{"line":29,"column":1}},"line":3},"1":{"name":"(anonymous_1)","decl":{"start":{"line":9,"column":29},"end":{"line":9,"column":30}},"loc":{"start":{"line":9,"column":35},"end":{"line":11,"column":5}},"line":9},"2":{"name":"(anonymous_2)","decl":{"start":{"line":13,"column":30},"end":{"line":13,"column":31}},"loc":{"start":{"line":13,"column":36},"end":{"line":17,"column":5}},"line":13}},"branchMap":{"0":{"loc":{"start":{"line":6,"column":38},"end":{"line":6,"column":59}},"type":"cond-expr","locations":[{"start":{"line":6,"column":48},"end":{"line":6,"column":54}},{"start":{"line":6,"column":57},"end":{"line":6,"column":59}}],"line":6},"1":{"loc":{"start":{"line":7,"column":38},"end":{"line":7,"column":59}},"type":"cond-expr","locations":[{"start":{"line":7,"column":48},"end":{"line":7,"column":50}},{"start":{"line":7,"column":53},"end":{"line":7,"column":59}}],"line":7}},"s":{"0":0,"1":0,"2":0,"3":0,"4":0,"5":0,"6":0,"7":0,"8":0},"f":{"0":0,"1":0,"2":0},"b":{"0":[0,0],"1":[0,0]}}
,"C:\\Users\\Alexandros\\source\\courses\\full-stack-open-2023\\part5\\bloglist-frontend\\src\\services\\blogs.js": {"path":"C:\\Users\\Alexandros\\source\\courses\\full-stack-open-2023\\part5\\bloglist-frontend\\src\\services\\blogs.js","statementMap":{"0":{"start":{"line":2,"column":16},"end":{"line":2,"column":28}},"1":{"start":{"line":4,"column":12},"end":{"line":4,"column":16}},"2":{"start":{"line":6,"column":17},"end":{"line":8,"column":1}},"3":{"start":{"line":7,"column":2},"end":{"line":7,"column":30}},"4":{"start":{"line":10,"column":15},"end":{"line":13,"column":1}},"5":{"start":{"line":11,"column":18},"end":{"line":11,"column":36}},"6":{"start":{"line":12,"column":2},"end":{"line":12,"column":48}},"7":{"start":{"line":12,"column":34},"end":{"line":12,"column":47}},"8":{"start":{"line":15,"column":15},"end":{"line":21,"column":1}},"9":{"start":{"line":16,"column":17},"end":{"line":18,"column":3}},"10":{"start":{"line":19,"column":19},"end":{"line":19,"column":58}},"11":{"start":{"line":20,"column":2},"end":{"line":20,"column":22}},"12":{"start":{"line":23,"column":15},"end":{"line":29,"column":1}},"13":{"start":{"line":24,"column":17},"end":{"line":26,"column":3}},"14":{"start":{"line":27,"column":19},"end":{"line":27,"column":73}},"15":{"start":{"line":28,"column":2},"end":{"line":28,"column":22}},"16":{"start":{"line":31,"column":15},"end":{"line":37,"column":1}},"17":{"start":{"line":32,"column":17},"end":{"line":34,"column":3}},"18":{"start":{"line":35,"column":19},"end":{"line":35,"column":70}},"19":{"start":{"line":36,"column":2},"end":{"line":36,"column":22}}},"fnMap":{"0":{"name":"(anonymous_0)","decl":{"start":{"line":6,"column":17},"end":{"line":6,"column":18}},"loc":{"start":{"line":6,"column":31},"end":{"line":8,"column":1}},"line":6},"1":{"name":"(anonymous_1)","decl":{"start":{"line":10,"column":15},"end":{"line":10,"column":16}},"loc":{"start":{"line":10,"column":21},"end":{"line":13,"column":1}},"line":10},"2":{"name":"(anonymous_2)","decl":{"start":{"line":12,"column":22},"end":{"line":12,"column":23}},"loc":{"start":{"line":12,"column":34},"end":{"line":12,"column":47}},"line":12},"3":{"name":"(anonymous_3)","decl":{"start":{"line":15,"column":15},"end":{"line":15,"column":16}},"loc":{"start":{"line":15,"column":31},"end":{"line":21,"column":1}},"line":15},"4":{"name":"(anonymous_4)","decl":{"start":{"line":23,"column":15},"end":{"line":23,"column":16}},"loc":{"start":{"line":23,"column":39},"end":{"line":29,"column":1}},"line":23},"5":{"name":"(anonymous_5)","decl":{"start":{"line":31,"column":15},"end":{"line":31,"column":16}},"loc":{"start":{"line":31,"column":33},"end":{"line":37,"column":1}},"line":31}},"branchMap":{},"s":{"0":1,"1":1,"2":1,"3":0,"4":1,"5":0,"6":0,"7":0,"8":1,"9":0,"10":0,"11":0,"12":1,"13":0,"14":0,"15":0,"16":1,"17":0,"18":0,"19":0},"f":{"0":0,"1":0,"2":0,"3":0,"4":0,"5":0},"b":{},"_coverageSchema":"1a1c01bbd47fc00a2c39e90264f33305004495a9","hash":"3dded2f186ba72ff152ebbdf55907e18a66a36d5"}
,"C:\\Users\\Alexandros\\source\\courses\\full-stack-open-2023\\part5\\bloglist-frontend\\src\\services\\login.js": {"path":"C:\\Users\\Alexandros\\source\\courses\\full-stack-open-2023\\part5\\bloglist-frontend\\src\\services\\login.js","statementMap":{"0":{"start":{"line":2,"column":16},"end":{"line":2,"column":28}},"1":{"start":{"line":4,"column":14},"end":{"line":7,"column":1}},"2":{"start":{"line":5,"column":21},"end":{"line":5,"column":59}},"3":{"start":{"line":6,"column":4},"end":{"line":6,"column":24}}},"fnMap":{"0":{"name":"(anonymous_0)","decl":{"start":{"line":4,"column":14},"end":{"line":4,"column":15}},"loc":{"start":{"line":4,"column":35},"end":{"line":7,"column":1}},"line":4}},"branchMap":{},"s":{"0":0,"1":0,"2":0,"3":0},"f":{"0":0},"b":{}}
}
